This is pdfTeX, Version 3.14159265-2.6-1.40.17 (TeX Live 2016) (preloaded format=pdflatex 2017.3.21)  16 JAN 2018 09:47
entering extended mode
 restricted \write18 enabled.
 %&-line parsing enabled.
**manual.tex
(./manual.tex
LaTeX2e <2017/01/01> patch level 3
Babel <3.9r> and hyphenation patterns for 83 language(s) loaded.

(/gs/project/txk-653-aa/modules/software/texlive/2017/texmf-dist/tex/latex/base
/article.cls
Document Class: article 2014/09/29 v1.4h Standard LaTeX document class

(/gs/project/txk-653-aa/modules/software/texlive/2017/texmf-dist/tex/latex/base
/size12.clo
File: size12.clo 2014/09/29 v1.4h Standard LaTeX file (size option)
)
\c@part=\count79
\c@section=\count80
\c@subsection=\count81
\c@subsubsection=\count82
\c@paragraph=\count83
\c@subparagraph=\count84
\c@figure=\count85
\c@table=\count86
\abovecaptionskip=\skip41
\belowcaptionskip=\skip42
\bibindent=\dimen102
)
(/gs/project/txk-653-aa/modules/software/texlive/2017/texmf-dist/tex/latex/grap
hics/graphicx.sty
Package: graphicx 2014/10/28 v1.0g Enhanced LaTeX Graphics (DPC,SPQR)

(/gs/project/txk-653-aa/modules/software/texlive/2017/texmf-dist/tex/latex/grap
hics/keyval.sty
Package: keyval 2014/10/28 v1.15 key=value parser (DPC)
\KV@toks@=\toks14
)
(/gs/project/txk-653-aa/modules/software/texlive/2017/texmf-dist/tex/latex/grap
hics/graphics.sty
Package: graphics 2016/10/09 v1.0u Standard LaTeX Graphics (DPC,SPQR)

(/gs/project/txk-653-aa/modules/software/texlive/2017/texmf-dist/tex/latex/grap
hics/trig.sty
Package: trig 2016/01/03 v1.10 sin cos tan (DPC)
)
(/gs/project/txk-653-aa/modules/software/texlive/2017/texmf-dist/tex/latex/grap
hics-cfg/graphics.cfg
File: graphics.cfg 2016/06/04 v1.11 sample graphics configuration
)
Package graphics Info: Driver file: pdftex.def on input line 99.

(/gs/project/txk-653-aa/modules/software/texlive/2017/texmf-dist/tex/latex/grap
hics-def/pdftex.def
File: pdftex.def 2017/01/12 v0.06k Graphics/color for pdfTeX

(/gs/project/txk-653-aa/modules/software/texlive/2017/texmf-dist/tex/generic/ob
erdiek/infwarerr.sty
Package: infwarerr 2016/05/16 v1.4 Providing info/warning/error messages (HO)
)
(/gs/project/txk-653-aa/modules/software/texlive/2017/texmf-dist/tex/generic/ob
erdiek/ltxcmds.sty
Package: ltxcmds 2016/05/16 v1.23 LaTeX kernel commands for general use (HO)
)
\Gread@gobject=\count87
))
\Gin@req@height=\dimen103
\Gin@req@width=\dimen104
)
(/gs/project/txk-653-aa/modules/software/texlive/2017/texmf-dist/tex/latex/appe
ndix/appendix.sty
Package: appendix 2009/09/02 v1.2b extra appendix facilities
\c@@pps=\count88
\c@@ppsavesec=\count89
\c@@ppsaveapp=\count90
)
(/gs/project/txk-653-aa/modules/software/texlive/2017/texmf-dist/tex/latex/hype
rref/hyperref.sty
Package: hyperref 2017/03/14 v6.85a Hypertext links for LaTeX

(/gs/project/txk-653-aa/modules/software/texlive/2017/texmf-dist/tex/generic/ob
erdiek/hobsub-hyperref.sty
Package: hobsub-hyperref 2016/05/16 v1.14 Bundle oberdiek, subset hyperref (HO)


(/gs/project/txk-653-aa/modules/software/texlive/2017/texmf-dist/tex/generic/ob
erdiek/hobsub-generic.sty
Package: hobsub-generic 2016/05/16 v1.14 Bundle oberdiek, subset generic (HO)
Package: hobsub 2016/05/16 v1.14 Construct package bundles (HO)
Package hobsub Info: Skipping package `infwarerr' (already loaded).
Package hobsub Info: Skipping package `ltxcmds' (already loaded).
Package: ifluatex 2016/05/16 v1.4 Provides the ifluatex switch (HO)
Package ifluatex Info: LuaTeX not detected.
Package: ifvtex 2016/05/16 v1.6 Detect VTeX and its facilities (HO)
Package ifvtex Info: VTeX not detected.
Package: intcalc 2016/05/16 v1.2 Expandable calculations with integers (HO)
Package: ifpdf 2016/05/14 v3.1 Provides the ifpdf switch
Package: etexcmds 2016/05/16 v1.6 Avoid name clashes with e-TeX commands (HO)
Package etexcmds Info: Could not find \expanded.
(etexcmds)             That can mean that you are not using pdfTeX 1.50 or
(etexcmds)             that some package has redefined \expanded.
(etexcmds)             In the latter case, load this package earlier.
Package: kvsetkeys 2016/05/16 v1.17 Key value parser (HO)
Package: kvdefinekeys 2016/05/16 v1.4 Define keys (HO)
Package: pdftexcmds 2016/05/21 v0.22 Utility functions of pdfTeX for LuaTeX (HO
)
Package pdftexcmds Info: LuaTeX not detected.
Package pdftexcmds Info: \pdf@primitive is available.
Package pdftexcmds Info: \pdf@ifprimitive is available.
Package pdftexcmds Info: \pdfdraftmode found.
Package: pdfescape 2016/05/16 v1.14 Implements pdfTeX's escape features (HO)
Package: bigintcalc 2016/05/16 v1.4 Expandable calculations on big integers (HO
)
Package: bitset 2016/05/16 v1.2 Handle bit-vector datatype (HO)
Package: uniquecounter 2016/05/16 v1.3 Provide unlimited unique counter (HO)
)
Package hobsub Info: Skipping package `hobsub' (already loaded).
Package: letltxmacro 2016/05/16 v1.5 Let assignment for LaTeX macros (HO)
Package: hopatch 2016/05/16 v1.3 Wrapper for package hooks (HO)
Package: xcolor-patch 2016/05/16 xcolor patch
Package: atveryend 2016/05/16 v1.9 Hooks at the very end of document (HO)
Package atveryend Info: \enddocument detected (standard20110627).
Package: atbegshi 2016/06/09 v1.18 At begin shipout hook (HO)
Package: refcount 2016/05/16 v3.5 Data extraction from label references (HO)
Package: hycolor 2016/05/16 v1.8 Color options for hyperref/bookmark (HO)
)
(/gs/project/txk-653-aa/modules/software/texlive/2017/texmf-dist/tex/generic/if
xetex/ifxetex.sty
Package: ifxetex 2010/09/12 v0.6 Provides ifxetex conditional
)
(/gs/project/txk-653-aa/modules/software/texlive/2017/texmf-dist/tex/latex/ober
diek/auxhook.sty
Package: auxhook 2016/05/16 v1.4 Hooks for auxiliary files (HO)
)
(/gs/project/txk-653-aa/modules/software/texlive/2017/texmf-dist/tex/latex/ober
diek/kvoptions.sty
Package: kvoptions 2016/05/16 v3.12 Key value format for package options (HO)
)
\@linkdim=\dimen105
\Hy@linkcounter=\count91
\Hy@pagecounter=\count92

(/gs/project/txk-653-aa/modules/software/texlive/2017/texmf-dist/tex/latex/hype
rref/pd1enc.def
File: pd1enc.def 2017/03/14 v6.85a Hyperref: PDFDocEncoding definition (HO)
)
\Hy@SavedSpaceFactor=\count93

(/gs/project/txk-653-aa/modules/software/texlive/2017/texmf-dist/tex/latex/late
xconfig/hyperref.cfg
File: hyperref.cfg 2002/06/06 v1.2 hyperref configuration of TeXLive
)
Package hyperref Info: Hyper figures OFF on input line 4498.
Package hyperref Info: Link nesting OFF on input line 4503.
Package hyperref Info: Hyper index ON on input line 4506.
Package hyperref Info: Plain pages OFF on input line 4513.
Package hyperref Info: Backreferencing OFF on input line 4518.
Package hyperref Info: Implicit mode ON; LaTeX internals redefined.
Package hyperref Info: Bookmarks ON on input line 4751.
\c@Hy@tempcnt=\count94

(/gs/project/txk-653-aa/modules/software/texlive/2017/texmf-dist/tex/latex/url/
url.sty
\Urlmuskip=\muskip10
Package: url 2013/09/16  ver 3.4  Verb mode for urls, etc.
)
LaTeX Info: Redefining \url on input line 5104.
\XeTeXLinkMargin=\dimen106
\Fld@menulength=\count95
\Field@Width=\dimen107
\Fld@charsize=\dimen108
Package hyperref Info: Hyper figures OFF on input line 6358.
Package hyperref Info: Link nesting OFF on input line 6363.
Package hyperref Info: Hyper index ON on input line 6366.
Package hyperref Info: backreferencing OFF on input line 6373.
Package hyperref Info: Link coloring OFF on input line 6378.
Package hyperref Info: Link coloring with OCG OFF on input line 6383.
Package hyperref Info: PDF/A mode OFF on input line 6388.
LaTeX Info: Redefining \ref on input line 6428.
LaTeX Info: Redefining \pageref on input line 6432.
\Hy@abspage=\count96
\c@Item=\count97
\c@Hfootnote=\count98
)

Package hyperref Message: Driver (autodetected): hpdftex.


(/gs/project/txk-653-aa/modules/software/texlive/2017/texmf-dist/tex/latex/hype
rref/hpdftex.def
File: hpdftex.def 2017/03/14 v6.85a Hyperref driver for pdfTeX
\Fld@listcount=\count99
\c@bookmark@seq@number=\count100

(/gs/project/txk-653-aa/modules/software/texlive/2017/texmf-dist/tex/latex/ober
diek/rerunfilecheck.sty
Package: rerunfilecheck 2016/05/16 v1.8 Rerun checks for auxiliary files (HO)
Package uniquecounter Info: New unique counter `rerunfilecheck' on input line 2
82.
)
\Hy@SectionHShift=\skip43
)
(/gs/project/txk-653-aa/modules/software/texlive/2017/texmf-dist/tex/latex/data
tool/datatool.sty
Package: datatool 2016/07/28 v2.27 (NLCT)

(/gs/project/txk-653-aa/modules/software/texlive/2017/texmf-dist/tex/latex/xkey
val/xkeyval.sty
Package: xkeyval 2014/12/03 v2.7a package option processing (HA)

(/gs/project/txk-653-aa/modules/software/texlive/2017/texmf-dist/tex/generic/xk
eyval/xkeyval.tex
(/gs/project/txk-653-aa/modules/software/texlive/2017/texmf-dist/tex/generic/xk
eyval/xkvutils.tex
\XKV@toks=\toks15
\XKV@tempa@toks=\toks16
)
\XKV@depth=\count101
File: xkeyval.tex 2014/12/03 v2.7a key=value parser (HA)
))
(/gs/project/txk-653-aa/modules/software/texlive/2017/texmf-dist/tex/latex/base
/ifthen.sty
Package: ifthen 2014/09/29 v1.1c Standard LaTeX ifthen package (DPC)
)
(/gs/project/txk-653-aa/modules/software/texlive/2017/texmf-dist/tex/latex/xfor
/xfor.sty
Package: xfor 2009/02/05 v1.05 (NLCT)
)
(/gs/project/txk-653-aa/modules/software/texlive/2017/texmf-dist/tex/latex/subs
tr/substr.sty
Package: substr 2009/10/20 v1.2 Handle substrings
\c@su@anzahl=\count102
)
(/gs/project/txk-653-aa/modules/software/texlive/2017/texmf-dist/tex/latex/etoo
lbox/etoolbox.sty
Package: etoolbox 2017/01/02 v2.4 e-TeX tools for LaTeX (JAW)
\etb@tempcnta=\count103
)
(/gs/project/txk-653-aa/modules/software/texlive/2017/texmf-dist/tex/latex/data
tool/datatool-base.sty
Package: datatool-base 2016/07/28 v2.27 (NLCT)

(/gs/project/txk-653-aa/modules/software/texlive/2017/texmf-dist/tex/latex/amsm
ath/amsmath.sty
Package: amsmath 2016/11/05 v2.16a AMS math features
\@mathmargin=\skip44

For additional information on amsmath, use the `?' option.

(/gs/project/txk-653-aa/modules/software/texlive/2017/texmf-dist/tex/latex/amsm
ath/amstext.sty
Package: amstext 2000/06/29 v2.01 AMS text

(/gs/project/txk-653-aa/modules/software/texlive/2017/texmf-dist/tex/latex/amsm
ath/amsgen.sty
File: amsgen.sty 1999/11/30 v2.0 generic functions
\@emptytoks=\toks17
\ex@=\dimen109
))
(/gs/project/txk-653-aa/modules/software/texlive/2017/texmf-dist/tex/latex/amsm
ath/amsbsy.sty
Package: amsbsy 1999/11/29 v1.2d Bold Symbols
\pmbraise@=\dimen110
)
(/gs/project/txk-653-aa/modules/software/texlive/2017/texmf-dist/tex/latex/amsm
ath/amsopn.sty
Package: amsopn 2016/03/08 v2.02 operator names
)
\inf@bad=\count104
LaTeX Info: Redefining \frac on input line 213.
\uproot@=\count105
\leftroot@=\count106
LaTeX Info: Redefining \overline on input line 375.
\classnum@=\count107
\DOTSCASE@=\count108
LaTeX Info: Redefining \ldots on input line 472.
LaTeX Info: Redefining \dots on input line 475.
LaTeX Info: Redefining \cdots on input line 596.
\Mathstrutbox@=\box26
\strutbox@=\box27
\big@size=\dimen111
LaTeX Font Info:    Redeclaring font encoding OML on input line 712.
LaTeX Font Info:    Redeclaring font encoding OMS on input line 713.
\macc@depth=\count109
\c@MaxMatrixCols=\count110
\dotsspace@=\muskip11
\c@parentequation=\count111
\dspbrk@lvl=\count112
\tag@help=\toks18
\row@=\count113
\column@=\count114
\maxfields@=\count115
\andhelp@=\toks19
\eqnshift@=\dimen112
\alignsep@=\dimen113
\tagshift@=\dimen114
\tagwidth@=\dimen115
\totwidth@=\dimen116
\lineht@=\dimen117
\@envbody=\toks20
\multlinegap=\skip45
\multlinetaggap=\skip46
\mathdisplay@stack=\toks21
LaTeX Info: Redefining \[ on input line 2817.
LaTeX Info: Redefining \] on input line 2818.
)
(/gs/project/txk-653-aa/modules/software/texlive/2017/texmf-dist/tex/latex/data
tool/datatool-fp.sty
Package: datatool-fp 2016/07/28 v2.27 (NLCT)

(/gs/project/txk-653-aa/modules/software/texlive/2017/texmf-dist/tex/latex/fp/f
p.sty
Package: fp 1995/04/02
 `Fixed Point Package', Version 0.8, April 2, 1995 (C) Michael Mehlich
(/gs/project/txk-653-aa/modules/software/texlive/2017/texmf-dist/tex/latex/fp/d
efpattern.sty
Package: defpattern 1994/10/12
\actioncount=\count116
)
(/gs/project/txk-653-aa/modules/software/texlive/2017/texmf-dist/tex/latex/fp/f
p-basic.sty
Package: fp-basic 1996/05/13
\FP@xs=\count117
\FP@xia=\count118
\FP@xib=\count119
\FP@xfa=\count120
\FP@xfb=\count121
\FP@rega=\count122
\FP@regb=\count123
\FP@regs=\count124
\FP@times=\count125
)
(/gs/project/txk-653-aa/modules/software/texlive/2017/texmf-dist/tex/latex/fp/f
p-addons.sty
Package: fp-addons 1995/03/15
)
(/gs/project/txk-653-aa/modules/software/texlive/2017/texmf-dist/tex/latex/fp/f
p-snap.sty
Package: fp-snap 1995/04/05
)
(/gs/project/txk-653-aa/modules/software/texlive/2017/texmf-dist/tex/latex/fp/f
p-exp.sty
Package: fp-exp 1995/04/03
)
(/gs/project/txk-653-aa/modules/software/texlive/2017/texmf-dist/tex/latex/fp/f
p-trigo.sty
Package: fp-trigo 1995/04/14
)
(/gs/project/txk-653-aa/modules/software/texlive/2017/texmf-dist/tex/latex/fp/f
p-pas.sty
Package: fp-pas 1994/08/29
)
(/gs/project/txk-653-aa/modules/software/texlive/2017/texmf-dist/tex/latex/fp/f
p-random.sty
Package: fp-random 1995/02/23
\FPseed=\count126
)
(/gs/project/txk-653-aa/modules/software/texlive/2017/texmf-dist/tex/latex/fp/f
p-eqn.sty
Package: fp-eqn 1995/04/03
)
(/gs/project/txk-653-aa/modules/software/texlive/2017/texmf-dist/tex/latex/fp/f
p-upn.sty
Package: fp-upn 1996/10/21
)
(/gs/project/txk-653-aa/modules/software/texlive/2017/texmf-dist/tex/latex/fp/f
p-eval.sty
Package: fp-eval 1995/04/03
)))
\@dtl@toks=\toks22
\@dtl@tmpcount=\count127
\dtl@tmplength=\skip47
\dtl@sortresult=\count128
\@dtl@numgrpsepcount=\count129
\@dtl@datatype=\count130
\dtl@codeA=\count131
\dtl@codeB=\count132
\@dtl@foreach@level=\count133
)
\dtlcolumnnum=\count134
\dtlrownum=\count135
\@dtl@before=\toks23
\@dtl@after=\toks24
\@dtl@colhead=\toks25
\dtlcurrentrow=\toks26
\dtlbeforerow=\toks27
\dtlafterrow=\toks28
\dtlforeachlevel=\count136
\c@DTLrowi=\count137
\c@DTLrowii=\count138
\c@DTLrowiii=\count139
\c@DTLrow=\count140
\dtl@rowi=\count141
\dtl@rowii=\count142
\dtl@rowiii=\count143
\@dtl@curi=\toks29
\@dtl@previ=\toks30
\@dtl@nexti=\toks31
\@dtl@curii=\toks32
\@dtl@previi=\toks33
\@dtl@nextii=\toks34
\@dtl@curiii=\toks35
\@dtl@previii=\toks36
\@dtl@nextiii=\toks37
\@dtl@elements=\count144
\@dtl@list=\toks38
\@dtl@rowa=\toks39
\@dtl@rowb=\toks40
\@dtl@toksA=\toks41
\@dtl@toksB=\toks42
\@dtl@write=\write3
\@dtl@read=\read1
\dtl@entrycr=\count145
\dtl@omitlines=\count146
)
(/gs/project/txk-653-aa/modules/software/texlive/2017/texmf-dist/tex/latex/book
tabs/booktabs.sty
Package: booktabs 2016/04/27 v1.618033 publication quality tables
\heavyrulewidth=\dimen118
\lightrulewidth=\dimen119
\cmidrulewidth=\dimen120
\belowrulesep=\dimen121
\belowbottomsep=\dimen122
\aboverulesep=\dimen123
\abovetopsep=\dimen124
\cmidrulesep=\dimen125
\cmidrulekern=\dimen126
\defaultaddspace=\dimen127
\@cmidla=\count147
\@cmidlb=\count148
\@aboverulesep=\dimen128
\@belowrulesep=\dimen129
\@thisruleclass=\count149
\@lastruleclass=\count150
\@thisrulewidth=\dimen130
)
(/gs/project/txk-653-aa/modules/software/texlive/2017/texmf-dist/tex/latex/ober
diek/pdflscape.sty
Package: pdflscape 2016/05/14 v0.11 Display of landscape pages in PDF (HO)

(/gs/project/txk-653-aa/modules/software/texlive/2017/texmf-dist/tex/latex/grap
hics/lscape.sty
Package: lscape 2000/10/22 v3.01 Landscape Pages (DPC)
)
Package pdflscape Info: Auto-detected driver: pdftex on input line 81.
) (./manual.aux)
\openout1 = `manual.aux'.

LaTeX Font Info:    Checking defaults for OML/cmm/m/it on input line 12.
LaTeX Font Info:    ... okay on input line 12.
LaTeX Font Info:    Checking defaults for T1/cmr/m/n on input line 12.
LaTeX Font Info:    ... okay on input line 12.
LaTeX Font Info:    Checking defaults for OT1/cmr/m/n on input line 12.
LaTeX Font Info:    ... okay on input line 12.
LaTeX Font Info:    Checking defaults for OMS/cmsy/m/n on input line 12.
LaTeX Font Info:    ... okay on input line 12.
LaTeX Font Info:    Checking defaults for OMX/cmex/m/n on input line 12.
LaTeX Font Info:    ... okay on input line 12.
LaTeX Font Info:    Checking defaults for U/cmr/m/n on input line 12.
LaTeX Font Info:    ... okay on input line 12.
LaTeX Font Info:    Checking defaults for PD1/pdf/m/n on input line 12.
LaTeX Font Info:    ... okay on input line 12.

(/gs/project/txk-653-aa/modules/software/texlive/2017/texmf-dist/tex/context/ba
se/mkii/supp-pdf.mkii
[Loading MPS to PDF converter (version 2006.09.02).]
\scratchcounter=\count151
\scratchdimen=\dimen131
\scratchbox=\box28
\nofMPsegments=\count152
\nofMParguments=\count153
\everyMPshowfont=\toks43
\MPscratchCnt=\count154
\MPscratchDim=\dimen132
\MPnumerator=\count155
\makeMPintoPDFobject=\count156
\everyMPtoPDFconversion=\toks44
)
(/gs/project/txk-653-aa/modules/software/texlive/2017/texmf-dist/tex/latex/ober
diek/epstopdf-base.sty
Package: epstopdf-base 2016/05/15 v2.6 Base part for package epstopdf

(/gs/project/txk-653-aa/modules/software/texlive/2017/texmf-dist/tex/latex/ober
diek/grfext.sty
Package: grfext 2016/05/16 v1.2 Manage graphics extensions (HO)
)
Package epstopdf-base Info: Redefining graphics rule for `.eps' on input line 4
38.
Package grfext Info: Graphics extension search list:
(grfext)             [.png,.pdf,.jpg,.mps,.jpeg,.jbig2,.jb2,.PNG,.PDF,.JPG,.JPE
G,.JBIG2,.JB2,.eps]
(grfext)             \AppendGraphicsExtensions on input line 456.

(/gs/project/txk-653-aa/modules/software/texlive/2017/texmf-dist/tex/latex/late
xconfig/epstopdf-sys.cfg
File: epstopdf-sys.cfg 2010/07/13 v1.3 Configuration of (r)epstopdf for TeX Liv
e
))
\AtBeginShipoutBox=\box29
Package hyperref Info: Link coloring OFF on input line 12.

(/gs/project/txk-653-aa/modules/software/texlive/2017/texmf-dist/tex/latex/hype
rref/nameref.sty
Package: nameref 2016/05/21 v2.44 Cross-referencing by name of section

(/gs/project/txk-653-aa/modules/software/texlive/2017/texmf-dist/tex/generic/ob
erdiek/gettitlestring.sty
Package: gettitlestring 2016/05/16 v1.5 Cleanup title references (HO)
)
\c@section@level=\count157
)
LaTeX Info: Redefining \ref on input line 12.
LaTeX Info: Redefining \pageref on input line 12.
LaTeX Info: Redefining \nameref on input line 12.
 (./manual.out) (./manual.out)
\@outlinefile=\write4
\openout4 = `manual.out'.

 [1

{/gs/project/txk-653-aa/modules/software/texlive/2017/texmf-var/fonts/map/pdfte
x/updmap/pdftex.map}] (./manual.toc)
\tf@toc=\write5
\openout5 = `manual.toc'.

 [2]

LaTeX Warning: Reference `figure:directorystructure' on page 3 undefined on inp
ut line 38.

<directoryStructure.pdf, id=17, 474.77374pt x 321.2pt>
File: directoryStructure.pdf Graphic file (type pdf)

<use directoryStructure.pdf>
Package pdftex.def Info: directoryStructure.pdf used on input line 43.
(pdftex.def)             Requested size: 332.33936pt x 224.83847pt.
LaTeX Font Info:    Try loading font information for OMS+cmr on input line 50.

(/gs/project/txk-653-aa/modules/software/texlive/2017/texmf-dist/tex/latex/base
/omscmr.fd
File: omscmr.fd 2014/09/29 v2.5h Standard LaTeX font definitions
)
LaTeX Font Info:    Font shape `OMS/cmr/m/n' in size <12> not available
(Font)              Font shape `OMS/cmsy/m/n' tried instead on input line 50.
 [3] [4 <./directoryStructure.pdf>]
No file manual.bbl.
Package atveryend Info: Empty hook `BeforeClearDocument' on input line 65.
Package atveryend Info: Empty hook `AfterLastShipout' on input line 65.
(./manual.aux)
Package atveryend Info: Executing hook `AtVeryEndDocument' on input line 65.
Package atveryend Info: Executing hook `AtEndAfterFileList' on input line 65.


Package rerunfilecheck Warning: File `manual.out' has changed.
(rerunfilecheck)                Rerun to get outlines right
(rerunfilecheck)                or use package `bookmark'.

Package rerunfilecheck Info: Checksums for `manual.out':
(rerunfilecheck)             Before: D41D8CD98F00B204E9800998ECF8427E;0
(rerunfilecheck)             After:  04F4F7ABC34728FDECF47B724EB98AB2;258.

LaTeX Warning: There were undefined references.


LaTeX Warning: Label(s) may have changed. Rerun to get cross-references right.

Package atveryend Info: Empty hook `AtVeryVeryEnd' on input line 65.
 ) 
Here is how much of TeX's memory you used:
 8059 strings out of 493013
 118408 string characters out of 6120017
 244521 words of memory out of 5000000
 11474 multiletter control sequences out of 15000+600000
 6771 words of font info for 25 fonts, out of 8000000 for 9000
 1141 hyphenation exceptions out of 8191
 45i,6n,37p,941b,324s stack positions out of 5000i,500n,10000p,200000b,80000s
</gs/project/txk-653-aa/modules/software/texlive/2017/texmf-dist/fonts/type1/
public/amsfonts/cm/cmbx12.pfb></gs/project/txk-653-aa/modules/software/texlive/
2017/texmf-dist/fonts/type1/public/amsfonts/cm/cmr12.pfb></gs/project/txk-653-a
a/modules/software/texlive/2017/texmf-dist/fonts/type1/public/amsfonts/cm/cmr17
.pfb></gs/project/txk-653-aa/modules/software/texlive/2017/texmf-dist/fonts/typ
e1/public/amsfonts/cm/cmsy10.pfb>
Output written on manual.pdf (4 pages, 4790201 bytes).
PDF statistics:
 102 PDF objects out of 1000 (max. 8388607)
 72 compressed objects within 1 object stream
 12 named destinations out of 1000 (max. 500000)
 6 words of extra memory for PDF output out of 10000 (max. 10000000)

